# JRE version: Java(TM) SE Runtime Environment (17.0.10+11) (build 17.0.10+11-LTS-240)
# Java VM: Java HotSpot(TM) 64-Bit Server VM (17.0.10+11-LTS-240, mixed mode, tiered, compressed oops, compressed class ptrs, g1 gc, windows-amd64)
GC Precious Log:
 CPUs: 4 total, 4 available
 Memory: 8104M
 Large Page Support: Disabled
 NUMA Support: Disabled
 Compressed Oops: Enabled (32-bit)
 Heap Region Size: 1M
 Heap Min Capacity: 8M
 Heap Initial Capacity: 128M
 Heap Max Capacity: 512M
 Pre-touch: Disabled
 Parallel Workers: 4
 Concurrent Workers: 1
 Concurrent Refinement Workers: 4
 Periodic GC: Disabled
Heap:
 garbage-first heap   total 96256K, used 63256K [0x00000000e0000000, 0x0000000100000000)
  region size 1024K, 18 young (18432K), 3 survivors (3072K)
 Metaspace       used 35705K, committed 36032K, reserved 1114112K
  class space    used 4421K, committed 4544K, reserved 1048576K
GC Heap History (20 events):
Event: 7.967 GC heap before
{Heap before GC invocations=21 (full 0):
 garbage-first heap   total 65536K, used 46367K [0x00000000e0000000, 0x0000000100000000)
  region size 1024K, 16 young (16384K), 3 survivors (3072K)
 Metaspace       used 33366K, committed 33664K, reserved 1114112K
  class space    used 4151K, committed 4288K, reserved 1048576K
}
Event: 7.970 GC heap after
{Heap after GC invocations=22 (full 0):
 garbage-first heap   total 65536K, used 34133K [0x00000000e0000000, 0x0000000100000000)
  region size 1024K, 1 young (1024K), 1 survivors (1024K)
 Metaspace       used 33366K, committed 33664K, reserved 1114112K
  class space    used 4151K, committed 4288K, reserved 1048576K
}
Event: 8.132 GC heap before
{Heap before GC invocations=22 (full 0):
 garbage-first heap   total 65536K, used 51541K [0x00000000e0000000, 0x0000000100000000)
  region size 1024K, 18 young (18432K), 1 survivors (1024K)
 Metaspace       used 33368K, committed 33664K, reserved 1114112K
  class space    used 4151K, committed 4288K, reserved 1048576K
}
Event: 8.134 GC heap after
{Heap after GC invocations=23 (full 0):
 garbage-first heap   total 65536K, used 35157K [0x00000000e0000000, 0x0000000100000000)
  region size 1024K, 2 young (2048K), 2 survivors (2048K)
 Metaspace       used 33368K, committed 33664K, reserved 1114112K
  class space    used 4151K, committed 4288K, reserved 1048576K
}
Event: 8.332 GC heap before
{Heap before GC invocations=24 (full 0):
 garbage-first heap   total 66560K, used 52565K [0x00000000e0000000, 0x0000000100000000)
  region size 1024K, 19 young (19456K), 2 survivors (2048K)
 Metaspace       used 33408K, committed 33728K, reserved 1114112K
  class space    used 4151K, committed 4288K, reserved 1048576K
}
Event: 8.336 GC heap after
{Heap after GC invocations=25 (full 0):
 garbage-first heap   total 66560K, used 37172K [0x00000000e0000000, 0x0000000100000000)
  region size 1024K, 3 young (3072K), 3 survivors (3072K)
 Metaspace       used 33408K, committed 33728K, reserved 1114112K
  class space    used 4151K, committed 4288K, reserved 1048576K
}
Event: 8.477 GC heap before
{Heap before GC invocations=25 (full 0):
 garbage-first heap   total 66560K, used 52532K [0x00000000e0000000, 0x0000000100000000)
  region size 1024K, 19 young (19456K), 3 survivors (3072K)
 Metaspace       used 33409K, committed 33728K, reserved 1114112K
  class space    used 4151K, committed 4288K, reserved 1048576K
}
Event: 8.483 GC heap after
{Heap after GC invocations=26 (full 0):
 garbage-first heap   total 79872K, used 38503K [0x00000000e0000000, 0x0000000100000000)
  region size 1024K, 2 young (2048K), 2 survivors (2048K)
 Metaspace       used 33409K, committed 33728K, reserved 1114112K
  class space    used 4151K, committed 4288K, reserved 1048576K
}
Event: 8.941 GC heap before
{Heap before GC invocations=27 (full 0):
 garbage-first heap   total 79872K, used 63079K [0x00000000e0000000, 0x0000000100000000)
  region size 1024K, 27 young (27648K), 2 survivors (2048K)
 Metaspace       used 33978K, committed 34304K, reserved 1114112K
  class space    used 4253K, committed 4416K, reserved 1048576K
}
Event: 8.946 GC heap after
{Heap after GC invocations=28 (full 0):
 garbage-first heap   total 79872K, used 41237K [0x00000000e0000000, 0x0000000100000000)
  region size 1024K, 4 young (4096K), 4 survivors (4096K)
 Metaspace       used 33978K, committed 34304K, reserved 1114112K
  class space    used 4253K, committed 4416K, reserved 1048576K
}
Event: 9.615 GC heap before
{Heap before GC invocations=28 (full 0):
 garbage-first heap   total 79872K, used 63765K [0x00000000e0000000, 0x0000000100000000)
  region size 1024K, 26 young (26624K), 4 survivors (4096K)
 Metaspace       used 34653K, committed 35008K, reserved 1114112K
  class space    used 4364K, committed 4544K, reserved 1048576K
}
Event: 9.622 GC heap after
{Heap after GC invocations=29 (full 0):
 garbage-first heap   total 79872K, used 43219K [0x00000000e0000000, 0x0000000100000000)
  region size 1024K, 3 young (3072K), 3 survivors (3072K)
 Metaspace       used 34653K, committed 35008K, reserved 1114112K
  class space    used 4364K, committed 4544K, reserved 1048576K
}
Event: 10.325 GC heap before
{Heap before GC invocations=30 (full 0):
 garbage-first heap   total 80896K, used 62675K [0x00000000e0000000, 0x0000000100000000)
  region size 1024K, 22 young (22528K), 3 survivors (3072K)
 Metaspace       used 34931K, committed 35264K, reserved 1114112K
  class space    used 4376K, committed 4544K, reserved 1048576K
}
Event: 10.332 GC heap after
{Heap after GC invocations=31 (full 0):
 garbage-first heap   total 80896K, used 45698K [0x00000000e0000000, 0x0000000100000000)
  region size 1024K, 3 young (3072K), 3 survivors (3072K)
 Metaspace       used 34931K, committed 35264K, reserved 1114112K
  class space    used 4376K, committed 4544K, reserved 1048576K
}
Event: 11.594 GC heap before
{Heap before GC invocations=31 (full 0):
 garbage-first heap   total 80896K, used 64130K [0x00000000e0000000, 0x0000000100000000)
  region size 1024K, 21 young (21504K), 3 survivors (3072K)
 Metaspace       used 35217K, committed 35584K, reserved 1114112K
  class space    used 4389K, committed 4544K, reserved 1048576K
}
Event: 11.598 GC heap after
{Heap after GC invocations=32 (full 0):
 garbage-first heap   total 80896K, used 45393K [0x00000000e0000000, 0x0000000100000000)
  region size 1024K, 1 young (1024K), 1 survivors (1024K)
 Metaspace       used 35217K, committed 35584K, reserved 1114112K
  class space    used 4389K, committed 4544K, reserved 1048576K
}
Event: 12.457 GC heap before
{Heap before GC invocations=33 (full 0):
 garbage-first heap   total 87040K, used 65873K [0x00000000e0000000, 0x0000000100000000)
  region size 1024K, 21 young (21504K), 1 survivors (1024K)
 Metaspace       used 35319K, committed 35648K, reserved 1114112K
  class space    used 4391K, committed 4544K, reserved 1048576K
}
Event: 12.462 GC heap after
{Heap after GC invocations=34 (full 0):
 garbage-first heap   total 87040K, used 46112K [0x00000000e0000000, 0x0000000100000000)
  region size 1024K, 2 young (2048K), 2 survivors (2048K)
 Metaspace       used 35319K, committed 35648K, reserved 1114112K
  class space    used 4391K, committed 4544K, reserved 1048576K
}
Event: 12.707 GC heap before
{Heap before GC invocations=34 (full 0):
 garbage-first heap   total 87040K, used 69664K [0x00000000e0000000, 0x0000000100000000)
  region size 1024K, 26 young (26624K), 2 survivors (2048K)
 Metaspace       used 35361K, committed 35712K, reserved 1114112K
  class space    used 4394K, committed 4544K, reserved 1048576K
}
Event: 12.711 GC heap after
{Heap after GC invocations=35 (full 0):
 garbage-first heap   total 87040K, used 48121K [0x00000000e0000000, 0x0000000100000000)
  region size 1024K, 4 young (4096K), 4 survivors (4096K)
 Metaspace       used 35361K, committed 35712K, reserved 1114112K
  class space    used 4394K, committed 4544K, reserved 1048576K
}

