# JRE version: Java(TM) SE Runtime Environment (17.0.10+11) (build 17.0.10+11-LTS-240)
# Java VM: Java HotSpot(TM) 64-Bit Server VM (17.0.10+11-LTS-240, mixed mode, tiered, compressed oops, compressed class ptrs, g1 gc, windows-amd64)
GC Precious Log:
 CPUs: 4 total, 4 available
 Memory: 8104M
 Large Page Support: Disabled
 NUMA Support: Disabled
 Compressed Oops: Enabled (32-bit)
 Heap Region Size: 1M
 Heap Min Capacity: 8M
 Heap Initial Capacity: 128M
 Heap Max Capacity: 512M
 Pre-touch: Disabled
 Parallel Workers: 4
 Concurrent Workers: 1
 Concurrent Refinement Workers: 4
 Periodic GC: Disabled
Heap:
 garbage-first heap   total 100352K, used 69874K [0x00000000e0000000, 0x0000000100000000)
  region size 1024K, 27 young (27648K), 5 survivors (5120K)
 Metaspace       used 36065K, committed 36416K, reserved 1114112K
  class space    used 4451K, committed 4608K, reserved 1048576K
GC Heap History (20 events):
Event: 8.831 GC heap before
{Heap before GC invocations=13 (full 0):
 garbage-first heap   total 48128K, used 38056K [0x00000000e0000000, 0x0000000100000000)
  region size 1024K, 15 young (15360K), 1 survivors (1024K)
 Metaspace       used 30518K, committed 30848K, reserved 1114112K
  class space    used 3668K, committed 3840K, reserved 1048576K
}
Event: 8.834 GC heap after
{Heap after GC invocations=14 (full 0):
 garbage-first heap   total 48128K, used 24982K [0x00000000e0000000, 0x0000000100000000)
  region size 1024K, 2 young (2048K), 2 survivors (2048K)
 Metaspace       used 30518K, committed 30848K, reserved 1114112K
  class space    used 3668K, committed 3840K, reserved 1048576K
}
Event: 9.311 GC heap before
{Heap before GC invocations=14 (full 0):
 garbage-first heap   total 48128K, used 38294K [0x00000000e0000000, 0x0000000100000000)
  region size 1024K, 15 young (15360K), 2 survivors (2048K)
 Metaspace       used 31556K, committed 31872K, reserved 1114112K
  class space    used 3854K, committed 4032K, reserved 1048576K
}
Event: 9.316 GC heap after
{Heap after GC invocations=15 (full 0):
 garbage-first heap   total 48128K, used 26052K [0x00000000e0000000, 0x0000000100000000)
  region size 1024K, 2 young (2048K), 2 survivors (2048K)
 Metaspace       used 31556K, committed 31872K, reserved 1114112K
  class space    used 3854K, committed 4032K, reserved 1048576K
}
Event: 9.483 GC heap before
{Heap before GC invocations=16 (full 0):
 garbage-first heap   total 51200K, used 37316K [0x00000000e0000000, 0x0000000100000000)
  region size 1024K, 13 young (13312K), 2 survivors (2048K)
 Metaspace       used 32274K, committed 32640K, reserved 1114112K
  class space    used 4043K, committed 4224K, reserved 1048576K
}
Event: 9.488 GC heap after
{Heap after GC invocations=17 (full 0):
 garbage-first heap   total 51200K, used 27652K [0x00000000e0000000, 0x0000000100000000)
  region size 1024K, 2 young (2048K), 2 survivors (2048K)
 Metaspace       used 32274K, committed 32640K, reserved 1114112K
  class space    used 4043K, committed 4224K, reserved 1048576K
}
Event: 9.928 GC heap before
{Heap before GC invocations=17 (full 0):
 garbage-first heap   total 51200K, used 39940K [0x00000000e0000000, 0x0000000100000000)
  region size 1024K, 15 young (15360K), 2 survivors (2048K)
 Metaspace       used 33159K, committed 33536K, reserved 1114112K
  class space    used 4176K, committed 4352K, reserved 1048576K
}
Event: 9.935 GC heap after
{Heap after GC invocations=18 (full 0):
 garbage-first heap   total 100352K, used 29251K [0x00000000e0000000, 0x0000000100000000)
  region size 1024K, 2 young (2048K), 2 survivors (2048K)
 Metaspace       used 33159K, committed 33536K, reserved 1114112K
  class space    used 4176K, committed 4352K, reserved 1048576K
}
Event: 10.794 GC heap before
{Heap before GC invocations=19 (full 0):
 garbage-first heap   total 100352K, used 70211K [0x00000000e0000000, 0x0000000100000000)
  region size 1024K, 42 young (43008K), 2 survivors (2048K)
 Metaspace       used 33764K, committed 34112K, reserved 1114112K
  class space    used 4186K, committed 4352K, reserved 1048576K
}
Event: 10.801 GC heap after
{Heap after GC invocations=20 (full 0):
 garbage-first heap   total 100352K, used 33226K [0x00000000e0000000, 0x0000000100000000)
  region size 1024K, 6 young (6144K), 6 survivors (6144K)
 Metaspace       used 33764K, committed 34112K, reserved 1114112K
  class space    used 4186K, committed 4352K, reserved 1048576K
}
Event: 11.252 GC heap before
{Heap before GC invocations=20 (full 0):
 garbage-first heap   total 100352K, used 73162K [0x00000000e0000000, 0x0000000100000000)
  region size 1024K, 45 young (46080K), 6 survivors (6144K)
 Metaspace       used 33794K, committed 34112K, reserved 1114112K
  class space    used 4186K, committed 4352K, reserved 1048576K
}
Event: 11.260 GC heap after
{Heap after GC invocations=21 (full 0):
 garbage-first heap   total 100352K, used 37005K [0x00000000e0000000, 0x0000000100000000)
  region size 1024K, 4 young (4096K), 4 survivors (4096K)
 Metaspace       used 33794K, committed 34112K, reserved 1114112K
  class space    used 4186K, committed 4352K, reserved 1048576K
}
Event: 11.898 GC heap before
{Heap before GC invocations=21 (full 0):
 garbage-first heap   total 100352K, used 74893K [0x00000000e0000000, 0x0000000100000000)
  region size 1024K, 41 young (41984K), 4 survivors (4096K)
 Metaspace       used 33826K, committed 34176K, reserved 1114112K
  class space    used 4188K, committed 4352K, reserved 1048576K
}
Event: 11.905 GC heap after
{Heap after GC invocations=22 (full 0):
 garbage-first heap   total 100352K, used 40649K [0x00000000e0000000, 0x0000000100000000)
  region size 1024K, 4 young (4096K), 4 survivors (4096K)
 Metaspace       used 33826K, committed 34176K, reserved 1114112K
  class space    used 4188K, committed 4352K, reserved 1048576K
}
Event: 12.848 GC heap before
{Heap before GC invocations=22 (full 0):
 garbage-first heap   total 100352K, used 76489K [0x00000000e0000000, 0x0000000100000000)
  region size 1024K, 39 young (39936K), 4 survivors (4096K)
 Metaspace       used 34980K, committed 35328K, reserved 1114112K
  class space    used 4400K, committed 4544K, reserved 1048576K
}
Event: 12.858 GC heap after
{Heap after GC invocations=23 (full 0):
 garbage-first heap   total 100352K, used 43519K [0x00000000e0000000, 0x0000000100000000)
  region size 1024K, 4 young (4096K), 4 survivors (4096K)
 Metaspace       used 34980K, committed 35328K, reserved 1114112K
  class space    used 4400K, committed 4544K, reserved 1048576K
}
Event: 14.356 GC heap before
{Heap before GC invocations=23 (full 0):
 garbage-first heap   total 100352K, used 77311K [0x00000000e0000000, 0x0000000100000000)
  region size 1024K, 37 young (37888K), 4 survivors (4096K)
 Metaspace       used 35503K, committed 35840K, reserved 1114112K
  class space    used 4414K, committed 4544K, reserved 1048576K
}
Event: 14.363 GC heap after
{Heap after GC invocations=24 (full 0):
 garbage-first heap   total 100352K, used 45302K [0x00000000e0000000, 0x0000000100000000)
  region size 1024K, 2 young (2048K), 2 survivors (2048K)
 Metaspace       used 35503K, committed 35840K, reserved 1114112K
  class space    used 4414K, committed 4544K, reserved 1048576K
}
Event: 15.959 GC heap before
{Heap before GC invocations=24 (full 0):
 garbage-first heap   total 100352K, used 79094K [0x00000000e0000000, 0x0000000100000000)
  region size 1024K, 35 young (35840K), 2 survivors (2048K)
 Metaspace       used 35700K, committed 35968K, reserved 1114112K
  class space    used 4419K, committed 4544K, reserved 1048576K
}
Event: 15.964 GC heap after
{Heap after GC invocations=25 (full 0):
 garbage-first heap   total 100352K, used 46160K [0x00000000e0000000, 0x0000000100000000)
  region size 1024K, 3 young (3072K), 3 survivors (3072K)
 Metaspace       used 35700K, committed 35968K, reserved 1114112K
  class space    used 4419K, committed 4544K, reserved 1048576K
}

