# JRE version: OpenJDK Runtime Environment JBR-17.0.9+8-1166.2-nomod (17.0.9+8) (build 17.0.9+8-b1166.2)
# Java VM: OpenJDK 64-Bit Server VM JBR-17.0.9+8-1166.2-nomod (17.0.9+8-b1166.2, mixed mode, tiered, compressed oops, compressed class ptrs, g1 gc, windows-amd64)
GC Precious Log:
 CPUs: 6 total, 6 available
 Memory: 16326M
 Large Page Support: Disabled
 NUMA Support: Disabled
 Compressed Oops: Enabled (32-bit)
 Heap Region Size: 1M
 Heap Min Capacity: 8M
 Heap Initial Capacity: 256M
 Heap Max Capacity: 512M
 Pre-touch: Disabled
 Parallel Workers: 6
 Concurrent Workers: 2
 Concurrent Refinement Workers: 6
 Periodic GC: Disabled
Heap:
 garbage-first heap   total 106496K, used 70895K [0x00000000e0000000, 0x0000000100000000)
  region size 1024K, 37 young (37888K), 4 survivors (4096K)
 Metaspace       used 36801K, committed 37184K, reserved 1114112K
  class space    used 4727K, committed 4928K, reserved 1048576K
GC Heap History (20 events):
Event: 1.858 GC heap before
{Heap before GC invocations=5 (full 0):
 garbage-first heap   total 49152K, used 33177K [0x00000000e0000000, 0x0000000100000000)
  region size 1024K, 23 young (23552K), 3 survivors (3072K)
 Metaspace       used 25182K, committed 25472K, reserved 1114112K
  class space    used 2936K, committed 3072K, reserved 1048576K
}
Event: 1.860 GC heap after
{Heap after GC invocations=6 (full 0):
 garbage-first heap   total 49152K, used 15035K [0x00000000e0000000, 0x0000000100000000)
  region size 1024K, 2 young (2048K), 2 survivors (2048K)
 Metaspace       used 25182K, committed 25472K, reserved 1114112K
  class space    used 2936K, committed 3072K, reserved 1048576K
}
Event: 1.964 GC heap before
{Heap before GC invocations=6 (full 0):
 garbage-first heap   total 49152K, used 35515K [0x00000000e0000000, 0x0000000100000000)
  region size 1024K, 22 young (22528K), 2 survivors (2048K)
 Metaspace       used 25955K, committed 26304K, reserved 1114112K
  class space    used 3038K, committed 3200K, reserved 1048576K
}
Event: 1.965 GC heap after
{Heap after GC invocations=7 (full 0):
 garbage-first heap   total 49152K, used 16848K [0x00000000e0000000, 0x0000000100000000)
  region size 1024K, 3 young (3072K), 3 survivors (3072K)
 Metaspace       used 25955K, committed 26304K, reserved 1114112K
  class space    used 3038K, committed 3200K, reserved 1048576K
}
Event: 2.076 GC heap before
{Heap before GC invocations=7 (full 0):
 garbage-first heap   total 49152K, used 35280K [0x00000000e0000000, 0x0000000100000000)
  region size 1024K, 22 young (22528K), 3 survivors (3072K)
 Metaspace       used 27052K, committed 27392K, reserved 1114112K
  class space    used 3232K, committed 3392K, reserved 1048576K
}
Event: 2.079 GC heap after
{Heap after GC invocations=8 (full 0):
 garbage-first heap   total 49152K, used 19143K [0x00000000e0000000, 0x0000000100000000)
  region size 1024K, 3 young (3072K), 3 survivors (3072K)
 Metaspace       used 27052K, committed 27392K, reserved 1114112K
  class space    used 3232K, committed 3392K, reserved 1048576K
}
Event: 2.251 GC heap before
{Heap before GC invocations=8 (full 0):
 garbage-first heap   total 49152K, used 35527K [0x00000000e0000000, 0x0000000100000000)
  region size 1024K, 20 young (20480K), 3 survivors (3072K)
 Metaspace       used 28772K, committed 29120K, reserved 1114112K
  class space    used 3529K, committed 3712K, reserved 1048576K
}
Event: 2.253 GC heap after
{Heap after GC invocations=9 (full 0):
 garbage-first heap   total 49152K, used 20687K [0x00000000e0000000, 0x0000000100000000)
  region size 1024K, 2 young (2048K), 2 survivors (2048K)
 Metaspace       used 28772K, committed 29120K, reserved 1114112K
  class space    used 3529K, committed 3712K, reserved 1048576K
}
Event: 3.834 GC heap before
{Heap before GC invocations=9 (full 0):
 garbage-first heap   total 49152K, used 39119K [0x00000000e0000000, 0x0000000100000000)
  region size 1024K, 18 young (18432K), 2 survivors (2048K)
 Metaspace       used 31178K, committed 31552K, reserved 1114112K
  class space    used 3876K, committed 4032K, reserved 1048576K
}
Event: 3.836 GC heap after
{Heap after GC invocations=10 (full 0):
 garbage-first heap   total 49152K, used 24899K [0x00000000e0000000, 0x0000000100000000)
  region size 1024K, 2 young (2048K), 2 survivors (2048K)
 Metaspace       used 31178K, committed 31552K, reserved 1114112K
  class space    used 3876K, committed 4032K, reserved 1048576K
}
Event: 3.963 GC heap before
{Heap before GC invocations=10 (full 0):
 garbage-first heap   total 49152K, used 37187K [0x00000000e0000000, 0x0000000100000000)
  region size 1024K, 15 young (15360K), 2 survivors (2048K)
 Metaspace       used 31921K, committed 32192K, reserved 1114112K
  class space    used 4005K, committed 4160K, reserved 1048576K
}
Event: 3.965 GC heap after
{Heap after GC invocations=11 (full 0):
 garbage-first heap   total 49152K, used 26017K [0x00000000e0000000, 0x0000000100000000)
  region size 1024K, 2 young (2048K), 2 survivors (2048K)
 Metaspace       used 31921K, committed 32192K, reserved 1114112K
  class space    used 4005K, committed 4160K, reserved 1048576K
}
Event: 4.048 GC heap before
{Heap before GC invocations=12 (full 0):
 garbage-first heap   total 50176K, used 36257K [0x00000000e0000000, 0x0000000100000000)
  region size 1024K, 13 young (13312K), 2 survivors (2048K)
 Metaspace       used 32864K, committed 33216K, reserved 1114112K
  class space    used 4207K, committed 4352K, reserved 1048576K
}
Event: 4.050 GC heap after
{Heap after GC invocations=13 (full 0):
 garbage-first heap   total 50176K, used 26837K [0x00000000e0000000, 0x0000000100000000)
  region size 1024K, 2 young (2048K), 2 survivors (2048K)
 Metaspace       used 32864K, committed 33216K, reserved 1114112K
  class space    used 4207K, committed 4352K, reserved 1048576K
}
Event: 4.186 GC heap before
{Heap before GC invocations=13 (full 0):
 garbage-first heap   total 50176K, used 40149K [0x00000000e0000000, 0x0000000100000000)
  region size 1024K, 15 young (15360K), 2 survivors (2048K)
 Metaspace       used 33794K, committed 34048K, reserved 1114112K
  class space    used 4416K, committed 4544K, reserved 1048576K
}
Event: 4.188 GC heap after
{Heap after GC invocations=14 (full 0):
 garbage-first heap   total 156672K, used 29135K [0x00000000e0000000, 0x0000000100000000)
  region size 1024K, 2 young (2048K), 2 survivors (2048K)
 Metaspace       used 33794K, committed 34048K, reserved 1114112K
  class space    used 4416K, committed 4544K, reserved 1048576K
}
Event: 4.744 GC heap before
{Heap before GC invocations=15 (full 0):
 garbage-first heap   total 106496K, used 87503K [0x00000000e0000000, 0x0000000100000000)
  region size 1024K, 60 young (61440K), 2 survivors (2048K)
 Metaspace       used 35628K, committed 35968K, reserved 1114112K
  class space    used 4667K, committed 4800K, reserved 1048576K
}
Event: 4.748 GC heap after
{Heap after GC invocations=16 (full 0):
 garbage-first heap   total 106496K, used 34430K [0x00000000e0000000, 0x0000000100000000)
  region size 1024K, 8 young (8192K), 8 survivors (8192K)
 Metaspace       used 35628K, committed 35968K, reserved 1114112K
  class space    used 4667K, committed 4800K, reserved 1048576K
}
Event: 7.611 GC heap before
{Heap before GC invocations=16 (full 0):
 garbage-first heap   total 106496K, used 75390K [0x00000000e0000000, 0x0000000100000000)
  region size 1024K, 48 young (49152K), 8 survivors (8192K)
 Metaspace       used 36424K, committed 36736K, reserved 1114112K
  class space    used 4695K, committed 4800K, reserved 1048576K
}
Event: 7.616 GC heap after
{Heap after GC invocations=17 (full 0):
 garbage-first heap   total 106496K, used 38127K [0x00000000e0000000, 0x0000000100000000)
  region size 1024K, 4 young (4096K), 4 survivors (4096K)
 Metaspace       used 36424K, committed 36736K, reserved 1114112K
  class space    used 4695K, committed 4800K, reserved 1048576K
}

