# JRE version: OpenJDK Runtime Environment JBR-17.0.9+8-1166.2-nomod (17.0.9+8) (build 17.0.9+8-b1166.2)
# Java VM: OpenJDK 64-Bit Server VM JBR-17.0.9+8-1166.2-nomod (17.0.9+8-b1166.2, mixed mode, tiered, compressed oops, compressed class ptrs, g1 gc, windows-amd64)
GC Precious Log:
 CPUs: 6 total, 6 available
 Memory: 16326M
 Large Page Support: Disabled
 NUMA Support: Disabled
 Compressed Oops: Enabled (32-bit)
 Heap Region Size: 1M
 Heap Min Capacity: 8M
 Heap Initial Capacity: 256M
 Heap Max Capacity: 512M
 Pre-touch: Disabled
 Parallel Workers: 6
 Concurrent Workers: 2
 Concurrent Refinement Workers: 6
 Periodic GC: Disabled
Heap:
 garbage-first heap   total 122880K, used 49202K [0x00000000e0000000, 0x0000000100000000)
  region size 1024K, 13 young (13312K), 1 survivors (1024K)
 Metaspace       used 36858K, committed 37120K, reserved 1114112K
  class space    used 4723K, committed 4864K, reserved 1048576K
GC Heap History (20 events):
Event: 0.775 GC heap before
{Heap before GC invocations=1 (full 0):
 garbage-first heap   total 262144K, used 28043K [0x00000000e0000000, 0x0000000100000000)
  region size 1024K, 27 young (27648K), 3 survivors (3072K)
 Metaspace       used 15107K, committed 15296K, reserved 1114112K
  class space    used 1564K, committed 1664K, reserved 1048576K
}
Event: 0.778 GC heap after
{Heap after GC invocations=2 (full 0):
 garbage-first heap   total 262144K, used 6327K [0x00000000e0000000, 0x0000000100000000)
  region size 1024K, 2 young (2048K), 2 survivors (2048K)
 Metaspace       used 15107K, committed 15296K, reserved 1114112K
  class space    used 1564K, committed 1664K, reserved 1048576K
}
Event: 1.553 GC heap before
{Heap before GC invocations=2 (full 0):
 garbage-first heap   total 262144K, used 87223K [0x00000000e0000000, 0x0000000100000000)
  region size 1024K, 83 young (84992K), 2 survivors (2048K)
 Metaspace       used 21251K, committed 21504K, reserved 1114112K
  class space    used 2360K, committed 2496K, reserved 1048576K
}
Event: 1.557 GC heap after
{Heap after GC invocations=3 (full 0):
 garbage-first heap   total 262144K, used 10752K [0x00000000e0000000, 0x0000000100000000)
  region size 1024K, 6 young (6144K), 6 survivors (6144K)
 Metaspace       used 21251K, committed 21504K, reserved 1114112K
  class space    used 2360K, committed 2496K, reserved 1048576K
}
Event: 1.868 GC heap before
{Heap before GC invocations=4 (full 0):
 garbage-first heap   total 40960K, used 30208K [0x00000000e0000000, 0x0000000100000000)
  region size 1024K, 27 young (27648K), 6 survivors (6144K)
 Metaspace       used 23235K, committed 23488K, reserved 1114112K
  class space    used 2663K, committed 2752K, reserved 1048576K
}
Event: 1.874 GC heap after
{Heap after GC invocations=5 (full 0):
 garbage-first heap   total 41984K, used 13238K [0x00000000e0000000, 0x0000000100000000)
  region size 1024K, 9 young (9216K), 9 survivors (9216K)
 Metaspace       used 23235K, committed 23488K, reserved 1114112K
  class space    used 2663K, committed 2752K, reserved 1048576K
}
Event: 1.877 GC heap before
{Heap before GC invocations=5 (full 0):
 garbage-first heap   total 41984K, used 13238K [0x00000000e0000000, 0x0000000100000000)
  region size 1024K, 10 young (10240K), 9 survivors (9216K)
 Metaspace       used 23280K, committed 23552K, reserved 1114112K
  class space    used 2668K, committed 2752K, reserved 1048576K
}
Event: 1.881 GC heap after
{Heap after GC invocations=6 (full 0):
 garbage-first heap   total 41984K, used 12609K [0x00000000e0000000, 0x0000000100000000)
  region size 1024K, 1 young (1024K), 1 survivors (1024K)
 Metaspace       used 23280K, committed 23552K, reserved 1114112K
  class space    used 2668K, committed 2752K, reserved 1048576K
}
Event: 2.062 GC heap before
{Heap before GC invocations=6 (full 0):
 garbage-first heap   total 41984K, used 27969K [0x00000000e0000000, 0x0000000100000000)
  region size 1024K, 17 young (17408K), 1 survivors (1024K)
 Metaspace       used 24491K, committed 24768K, reserved 1114112K
  class space    used 2844K, committed 3008K, reserved 1048576K
}
Event: 2.068 GC heap after
{Heap after GC invocations=7 (full 0):
 garbage-first heap   total 41984K, used 13255K [0x00000000e0000000, 0x0000000100000000)
  region size 1024K, 2 young (2048K), 2 survivors (2048K)
 Metaspace       used 24491K, committed 24768K, reserved 1114112K
  class space    used 2844K, committed 3008K, reserved 1048576K
}
Event: 2.355 GC heap before
{Heap before GC invocations=7 (full 0):
 garbage-first heap   total 41984K, used 29639K [0x00000000e0000000, 0x0000000100000000)
  region size 1024K, 18 young (18432K), 2 survivors (2048K)
 Metaspace       used 25552K, committed 25856K, reserved 1114112K
  class space    used 2995K, committed 3136K, reserved 1048576K
}
Event: 2.357 GC heap after
{Heap after GC invocations=8 (full 0):
 garbage-first heap   total 152576K, used 14542K [0x00000000e0000000, 0x0000000100000000)
  region size 1024K, 3 young (3072K), 3 survivors (3072K)
 Metaspace       used 25552K, committed 25856K, reserved 1114112K
  class space    used 2995K, committed 3136K, reserved 1048576K
}
Event: 4.682 GC heap before
{Heap before GC invocations=8 (full 0):
 garbage-first heap   total 152576K, used 104654K [0x00000000e0000000, 0x0000000100000000)
  region size 1024K, 89 young (91136K), 3 survivors (3072K)
 Metaspace       used 32519K, committed 32768K, reserved 1114112K
  class space    used 4112K, committed 4224K, reserved 1048576K
}
Event: 4.687 GC heap after
{Heap after GC invocations=9 (full 0):
 garbage-first heap   total 152576K, used 24895K [0x00000000e0000000, 0x0000000100000000)
  region size 1024K, 11 young (11264K), 11 survivors (11264K)
 Metaspace       used 32519K, committed 32768K, reserved 1114112K
  class space    used 4112K, committed 4224K, reserved 1048576K
}
Event: 5.457 GC heap before
{Heap before GC invocations=9 (full 0):
 garbage-first heap   total 152576K, used 101695K [0x00000000e0000000, 0x0000000100000000)
  region size 1024K, 87 young (89088K), 11 survivors (11264K)
 Metaspace       used 35733K, committed 35968K, reserved 1114112K
  class space    used 4669K, committed 4800K, reserved 1048576K
}
Event: 5.464 GC heap after
{Heap after GC invocations=10 (full 0):
 garbage-first heap   total 152576K, used 33188K [0x00000000e0000000, 0x0000000100000000)
  region size 1024K, 9 young (9216K), 9 survivors (9216K)
 Metaspace       used 35733K, committed 35968K, reserved 1114112K
  class space    used 4669K, committed 4800K, reserved 1048576K
}
Event: 8.896 GC heap before
{Heap before GC invocations=11 (full 0):
 garbage-first heap   total 122880K, used 97700K [0x00000000e0000000, 0x0000000100000000)
  region size 1024K, 72 young (73728K), 9 survivors (9216K)
 Metaspace       used 36825K, committed 37120K, reserved 1114112K
  class space    used 4719K, committed 4864K, reserved 1048576K
}
Event: 8.900 GC heap after
{Heap after GC invocations=12 (full 0):
 garbage-first heap   total 122880K, used 37696K [0x00000000e0000000, 0x0000000100000000)
  region size 1024K, 5 young (5120K), 5 survivors (5120K)
 Metaspace       used 36825K, committed 37120K, reserved 1114112K
  class space    used 4719K, committed 4864K, reserved 1048576K
}
Event: 8.904 GC heap before
{Heap before GC invocations=12 (full 0):
 garbage-first heap   total 122880K, used 38720K [0x00000000e0000000, 0x0000000100000000)
  region size 1024K, 6 young (6144K), 5 survivors (5120K)
 Metaspace       used 36825K, committed 37120K, reserved 1114112K
  class space    used 4719K, committed 4864K, reserved 1048576K
}
Event: 8.906 GC heap after
{Heap after GC invocations=13 (full 0):
 garbage-first heap   total 122880K, used 37938K [0x00000000e0000000, 0x0000000100000000)
  region size 1024K, 1 young (1024K), 1 survivors (1024K)
 Metaspace       used 36825K, committed 37120K, reserved 1114112K
  class space    used 4719K, committed 4864K, reserved 1048576K
}

