# JRE version: OpenJDK Runtime Environment JBR-17.0.9+8-1166.2-nomod (17.0.9+8) (build 17.0.9+8-b1166.2)
# Java VM: OpenJDK 64-Bit Server VM JBR-17.0.9+8-1166.2-nomod (17.0.9+8-b1166.2, mixed mode, tiered, compressed oops, compressed class ptrs, g1 gc, windows-amd64)
GC Precious Log:
 CPUs: 6 total, 6 available
 Memory: 16326M
 Large Page Support: Disabled
 NUMA Support: Disabled
 Compressed Oops: Enabled (32-bit)
 Heap Region Size: 1M
 Heap Min Capacity: 8M
 Heap Initial Capacity: 256M
 Heap Max Capacity: 512M
 Pre-touch: Disabled
 Parallel Workers: 6
 Concurrent Workers: 2
 Concurrent Refinement Workers: 6
 Periodic GC: Disabled
Heap:
 garbage-first heap   total 119808K, used 40170K [0x00000000e0000000, 0x0000000100000000)
  region size 1024K, 5 young (5120K), 1 survivors (1024K)
 Metaspace       used 36868K, committed 37184K, reserved 1114112K
  class space    used 4721K, committed 4864K, reserved 1048576K
GC Heap History (20 events):
Event: 0.455 GC heap before
{Heap before GC invocations=0 (full 0):
 garbage-first heap   total 262144K, used 20480K [0x00000000e0000000, 0x0000000100000000)
  region size 1024K, 21 young (21504K), 0 survivors (0K)
 Metaspace       used 11130K, committed 11328K, reserved 1114112K
  class space    used 1047K, committed 1152K, reserved 1048576K
}
Event: 0.459 GC heap after
{Heap after GC invocations=1 (full 0):
 garbage-first heap   total 262144K, used 4617K [0x00000000e0000000, 0x0000000100000000)
  region size 1024K, 3 young (3072K), 3 survivors (3072K)
 Metaspace       used 11130K, committed 11328K, reserved 1114112K
  class space    used 1047K, committed 1152K, reserved 1048576K
}
Event: 0.751 GC heap before
{Heap before GC invocations=1 (full 0):
 garbage-first heap   total 262144K, used 30217K [0x00000000e0000000, 0x0000000100000000)
  region size 1024K, 28 young (28672K), 3 survivors (3072K)
 Metaspace       used 15140K, committed 15360K, reserved 1114112K
  class space    used 1568K, committed 1664K, reserved 1048576K
}
Event: 0.753 GC heap after
{Heap after GC invocations=2 (full 0):
 garbage-first heap   total 262144K, used 6263K [0x00000000e0000000, 0x0000000100000000)
  region size 1024K, 2 young (2048K), 2 survivors (2048K)
 Metaspace       used 15140K, committed 15360K, reserved 1114112K
  class space    used 1568K, committed 1664K, reserved 1048576K
}
Event: 1.494 GC heap before
{Heap before GC invocations=2 (full 0):
 garbage-first heap   total 262144K, used 87159K [0x00000000e0000000, 0x0000000100000000)
  region size 1024K, 83 young (84992K), 2 survivors (2048K)
 Metaspace       used 21311K, committed 21504K, reserved 1114112K
  class space    used 2374K, committed 2496K, reserved 1048576K
}
Event: 1.498 GC heap after
{Heap after GC invocations=3 (full 0):
 garbage-first heap   total 262144K, used 10659K [0x00000000e0000000, 0x0000000100000000)
  region size 1024K, 6 young (6144K), 6 survivors (6144K)
 Metaspace       used 21311K, committed 21504K, reserved 1114112K
  class space    used 2374K, committed 2496K, reserved 1048576K
}
Event: 1.768 GC heap before
{Heap before GC invocations=4 (full 0):
 garbage-first heap   total 40960K, used 30115K [0x00000000e0000000, 0x0000000100000000)
  region size 1024K, 27 young (27648K), 6 survivors (6144K)
 Metaspace       used 23158K, committed 23360K, reserved 1114112K
  class space    used 2656K, committed 2752K, reserved 1048576K
}
Event: 1.772 GC heap after
{Heap after GC invocations=5 (full 0):
 garbage-first heap   total 43008K, used 14612K [0x00000000e0000000, 0x0000000100000000)
  region size 1024K, 10 young (10240K), 10 survivors (10240K)
 Metaspace       used 23158K, committed 23360K, reserved 1114112K
  class space    used 2656K, committed 2752K, reserved 1048576K
}
Event: 1.776 GC heap before
{Heap before GC invocations=5 (full 0):
 garbage-first heap   total 43008K, used 15636K [0x00000000e0000000, 0x0000000100000000)
  region size 1024K, 11 young (11264K), 10 survivors (10240K)
 Metaspace       used 23250K, committed 23488K, reserved 1114112K
  class space    used 2657K, committed 2752K, reserved 1048576K
}
Event: 1.779 GC heap after
{Heap after GC invocations=6 (full 0):
 garbage-first heap   total 43008K, used 12922K [0x00000000e0000000, 0x0000000100000000)
  region size 1024K, 1 young (1024K), 1 survivors (1024K)
 Metaspace       used 23250K, committed 23488K, reserved 1114112K
  class space    used 2657K, committed 2752K, reserved 1048576K
}
Event: 1.887 GC heap before
{Heap before GC invocations=6 (full 0):
 garbage-first heap   total 43008K, used 29306K [0x00000000e0000000, 0x0000000100000000)
  region size 1024K, 17 young (17408K), 1 survivors (1024K)
 Metaspace       used 24453K, committed 24640K, reserved 1114112K
  class space    used 2845K, committed 2944K, reserved 1048576K
}
Event: 1.888 GC heap after
{Heap after GC invocations=7 (full 0):
 garbage-first heap   total 43008K, used 13945K [0x00000000e0000000, 0x0000000100000000)
  region size 1024K, 2 young (2048K), 2 survivors (2048K)
 Metaspace       used 24453K, committed 24640K, reserved 1114112K
  class space    used 2845K, committed 2944K, reserved 1048576K
}
Event: 1.983 GC heap before
{Heap before GC invocations=7 (full 0):
 garbage-first heap   total 43008K, used 30329K [0x00000000e0000000, 0x0000000100000000)
  region size 1024K, 18 young (18432K), 2 survivors (2048K)
 Metaspace       used 25491K, committed 25728K, reserved 1114112K
  class space    used 3012K, committed 3136K, reserved 1048576K
}
Event: 1.985 GC heap after
{Heap after GC invocations=8 (full 0):
 garbage-first heap   total 43008K, used 16056K [0x00000000e0000000, 0x0000000100000000)
  region size 1024K, 3 young (3072K), 3 survivors (3072K)
 Metaspace       used 25491K, committed 25728K, reserved 1114112K
  class space    used 3012K, committed 3136K, reserved 1048576K
}
Event: 2.060 GC heap before
{Heap before GC invocations=8 (full 0):
 garbage-first heap   total 43008K, used 30392K [0x00000000e0000000, 0x0000000100000000)
  region size 1024K, 17 young (17408K), 3 survivors (3072K)
 Metaspace       used 26283K, committed 26624K, reserved 1114112K
  class space    used 3150K, committed 3328K, reserved 1048576K
}
Event: 2.064 GC heap after
{Heap after GC invocations=9 (full 0):
 garbage-first heap   total 152576K, used 17908K [0x00000000e0000000, 0x0000000100000000)
  region size 1024K, 2 young (2048K), 2 survivors (2048K)
 Metaspace       used 26283K, committed 26624K, reserved 1114112K
  class space    used 3150K, committed 3328K, reserved 1048576K
}
Event: 4.423 GC heap before
{Heap before GC invocations=9 (full 0):
 garbage-first heap   total 152576K, used 108020K [0x00000000e0000000, 0x0000000100000000)
  region size 1024K, 89 young (91136K), 2 survivors (2048K)
 Metaspace       used 33721K, committed 34048K, reserved 1114112K
  class space    used 4394K, committed 4544K, reserved 1048576K
}
Event: 4.428 GC heap after
{Heap after GC invocations=10 (full 0):
 garbage-first heap   total 152576K, used 27517K [0x00000000e0000000, 0x0000000100000000)
  region size 1024K, 10 young (10240K), 10 survivors (10240K)
 Metaspace       used 33721K, committed 34048K, reserved 1114112K
  class space    used 4394K, committed 4544K, reserved 1048576K
}
Event: 4.971 GC heap before
{Heap before GC invocations=10 (full 0):
 garbage-first heap   total 152576K, used 91005K [0x00000000e0000000, 0x0000000100000000)
  region size 1024K, 73 young (74752K), 10 survivors (10240K)
 Metaspace       used 35820K, committed 36096K, reserved 1114112K
  class space    used 4668K, committed 4800K, reserved 1048576K
}
Event: 4.976 GC heap after
{Heap after GC invocations=11 (full 0):
 garbage-first heap   total 152576K, used 33894K [0x00000000e0000000, 0x0000000100000000)
  region size 1024K, 7 young (7168K), 7 survivors (7168K)
 Metaspace       used 35820K, committed 36096K, reserved 1114112K
  class space    used 4668K, committed 4800K, reserved 1048576K
}

